<?xml version="1.0" encoding="UTF-8"?>
<!-- Generated by org.testng.reporters.JUnitXMLReporter -->
<testsuite hostname="admin" name="Test1" tests="4" failures="0" timestamp="22 May 2020 06:54:05 GMT" time="71.418" errors="0">
  <testcase name="validateLoginPage" time="5.958" classname="TestCases.TestSuite1"/>
  <testcase name="validateSearchResultInSearchPage" time="25.657" classname="TestCases.TestSuite1"/>
  <testcase name="addToCart" time="14.172" classname="TestCases.TestSuite1"/>
  <testcase name="testScreenRotation" time="0.363" classname="TestCases.TestSuite1"/>
</testsuite> <!-- Test1 -->
