<?xml version="1.0" encoding="UTF-8"?>
<testng-results skipped="0" failed="0" total="4" passed="4">
  <reporter-output>
  </reporter-output>
  <suite name="Suite" duration-ms="71418" started-at="2020-05-22T06:52:54Z" finished-at="2020-05-22T06:54:05Z">
    <groups>
    </groups>
    <test name="Test1" duration-ms="71418" started-at="2020-05-22T06:52:54Z" finished-at="2020-05-22T06:54:05Z">
      <class name="TestCases.TestSuite1">
        <test-method status="PASS" signature="startServer()[pri:0, instance:TestCases.TestSuite1@4e4aea35]" name="startServer" is-config="true" duration-ms="189" started-at="2020-05-22T12:22:54Z" finished-at="2020-05-22T12:22:54Z">
          <reporter-output>
          </reporter-output>
        </test-method> <!-- startServer -->
        <test-method status="PASS" signature="init(java.lang.String, java.lang.String, java.lang.String, java.lang.String, java.lang.String)[pri:0, instance:TestCases.TestSuite1@4e4aea35]" name="init" is-config="true" duration-ms="25210" started-at="2020-05-22T12:22:54Z" finished-at="2020-05-22T12:23:19Z">
          <params>
            <param index="0">
              <value>
                <![CDATA[MYPHONE]]>
              </value>
            </param>
            <param index="1">
              <value>
                <![CDATA[28c09d84903f7ece]]>
              </value>
            </param>
            <param index="2">
              <value>
                <![CDATA[10.0.0]]>
              </value>
            </param>
            <param index="3">
              <value>
                <![CDATA[com.amazon.mShop.android.shopping]]>
              </value>
            </param>
            <param index="4">
              <value>
                <![CDATA[com.amazon.mShop.splashscreen.StartupActivity]]>
              </value>
            </param>
          </params>
          <reporter-output>
          </reporter-output>
        </test-method> <!-- init -->
        <test-method status="PASS" signature="validateLoginPage()[pri:1, instance:TestCases.TestSuite1@4e4aea35]" name="validateLoginPage" duration-ms="5958" started-at="2020-05-22T12:23:19Z" finished-at="2020-05-22T12:23:25Z">
          <reporter-output>
          </reporter-output>
        </test-method> <!-- validateLoginPage -->
        <test-method status="PASS" signature="validateSearchResultInSearchPage()[pri:2, instance:TestCases.TestSuite1@4e4aea35]" name="validateSearchResultInSearchPage" duration-ms="25657" started-at="2020-05-22T12:23:25Z" finished-at="2020-05-22T12:23:51Z">
          <reporter-output>
          </reporter-output>
        </test-method> <!-- validateSearchResultInSearchPage -->
        <test-method status="PASS" signature="addToCart()[pri:3, instance:TestCases.TestSuite1@4e4aea35]" name="addToCart" duration-ms="14172" started-at="2020-05-22T12:23:51Z" finished-at="2020-05-22T12:24:05Z">
          <reporter-output>
          </reporter-output>
        </test-method> <!-- addToCart -->
        <test-method status="PASS" signature="testScreenRotation()[pri:4, instance:TestCases.TestSuite1@4e4aea35]" name="testScreenRotation" duration-ms="363" started-at="2020-05-22T12:24:05Z" finished-at="2020-05-22T12:24:05Z">
          <reporter-output>
          </reporter-output>
        </test-method> <!-- testScreenRotation -->
        <test-method status="PASS" signature="exit()[pri:0, instance:TestCases.TestSuite1@4e4aea35]" name="exit" is-config="true" duration-ms="370" started-at="2020-05-22T12:24:06Z" finished-at="2020-05-22T12:24:06Z">
          <reporter-output>
          </reporter-output>
        </test-method> <!-- exit -->
      </class> <!-- TestCases.TestSuite1 -->
    </test> <!-- Test1 -->
  </suite> <!-- Suite -->
</testng-results>
