<?xml version="1.0" encoding="UTF-8"?>
<testng-results skipped="0" failed="0" total="2" passed="2">
  <reporter-output>
  </reporter-output>
  <suite name="Suite" duration-ms="73093" started-at="2020-05-16T16:37:12Z" finished-at="2020-05-16T16:38:25Z">
    <groups>
    </groups>
    <test name="Test1" duration-ms="73093" started-at="2020-05-16T16:37:12Z" finished-at="2020-05-16T16:38:25Z">
      <class name="TestCases.TestSuite1">
        <test-method status="PASS" signature="startServer()[pri:0, instance:TestCases.TestSuite1@4fb64261]" name="startServer" is-config="true" duration-ms="383" started-at="2020-05-16T22:07:12Z" finished-at="2020-05-16T22:07:12Z">
          <reporter-output>
          </reporter-output>
        </test-method> <!-- startServer -->
        <test-method status="PASS" signature="init(java.lang.String, java.lang.String, java.lang.String, java.lang.String, java.lang.String)[pri:0, instance:TestCases.TestSuite1@4fb64261]" name="init" is-config="true" duration-ms="36426" started-at="2020-05-16T22:07:12Z" finished-at="2020-05-16T22:07:49Z">
          <params>
            <param index="0">
              <value>
                <![CDATA[MYPHONE]]>
              </value>
            </param>
            <param index="1">
              <value>
                <![CDATA[28c09d84903f7ece]]>
              </value>
            </param>
            <param index="2">
              <value>
                <![CDATA[10.0.0]]>
              </value>
            </param>
            <param index="3">
              <value>
                <![CDATA[com.amazon.mShop.android.shopping]]>
              </value>
            </param>
            <param index="4">
              <value>
                <![CDATA[com.amazon.mShop.splashscreen.StartupActivity]]>
              </value>
            </param>
          </params>
          <reporter-output>
          </reporter-output>
        </test-method> <!-- init -->
        <test-method status="PASS" signature="validateLoginPage()[pri:0, instance:TestCases.TestSuite1@4fb64261]" name="validateLoginPage" duration-ms="8282" started-at="2020-05-16T22:07:49Z" finished-at="2020-05-16T22:07:57Z">
          <reporter-output>
          </reporter-output>
        </test-method> <!-- validateLoginPage -->
        <test-method status="PASS" signature="validateSearchResultInSearchPage()[pri:0, instance:TestCases.TestSuite1@4fb64261]" name="validateSearchResultInSearchPage" duration-ms="28299" started-at="2020-05-16T22:07:57Z" finished-at="2020-05-16T22:08:25Z">
          <reporter-output>
          </reporter-output>
        </test-method> <!-- validateSearchResultInSearchPage -->
      </class> <!-- TestCases.TestSuite1 -->
    </test> <!-- Test1 -->
  </suite> <!-- Suite -->
</testng-results>
